time=2025-05-07T17:25:56.320+01:00 level=INFO source=/Users/laura.wu/goAcademy/pkg/todo/actor.go:18 msg="Starting Todo Actor" traceID=1c27caea-75cb-4ddf-be00-200538c47d55
time=2025-05-07T17:25:56.320+01:00 level=INFO source=/Users/laura.wu/goAcademy/cmd/todo/main.go:62 msg="Server is running on http://localhost:8080/" traceID=1c27caea-75cb-4ddf-be00-200538c47d55
time=2025-05-07T17:25:59.507+01:00 level=INFO source=/Users/laura.wu/goAcademy/pkg/middleware/middleware.go:17 msg="Received request" method=POST path=/logout traceID=11a548e3-a5cf-4974-a732-3b3e05b022ba
time=2025-05-07T17:25:59.509+01:00 level=INFO source=/Users/laura.wu/goAcademy/pkg/middleware/middleware.go:17 msg="Received request" method=GET path=/login traceID=3de20090-eee1-4649-ae35-66c79066e4a4
time=2025-05-07T17:25:59.510+01:00 level=WARN source=/Users/laura.wu/goAcademy/pkg/middleware/middleware.go:29 msg="No user_id cookie found" error="http: named cookie not present" traceID=3de20090-eee1-4649-ae35-66c79066e4a4
time=2025-05-07T17:25:59.525+01:00 level=INFO source=/Users/laura.wu/goAcademy/pkg/middleware/middleware.go:17 msg="Received request" method=GET path=/login traceID=87f1995b-285f-4c33-97f4-deb0c4e4f0b8
time=2025-05-07T17:25:59.525+01:00 level=WARN source=/Users/laura.wu/goAcademy/pkg/middleware/middleware.go:29 msg="No user_id cookie found" error="http: named cookie not present" traceID=87f1995b-285f-4c33-97f4-deb0c4e4f0b8
time=2025-05-07T17:25:59.585+01:00 level=INFO source=/Users/laura.wu/goAcademy/pkg/middleware/middleware.go:17 msg="Received request" method=GET path=/favicon.ico traceID=5e231f68-3638-4753-8645-2ecfd4fc9b82
time=2025-05-07T17:25:59.585+01:00 level=WARN source=/Users/laura.wu/goAcademy/pkg/middleware/middleware.go:29 msg="No user_id cookie found" error="http: named cookie not present" traceID=5e231f68-3638-4753-8645-2ecfd4fc9b82
time=2025-05-07T17:25:59.585+01:00 level=ERROR source=/Users/laura.wu/goAcademy/pkg/middleware/middleware.go:46 msg="Unauthorized access attempt" path=/favicon.ico traceID=5e231f68-3638-4753-8645-2ecfd4fc9b82
time=2025-05-07T17:25:59.589+01:00 level=INFO source=/Users/laura.wu/goAcademy/pkg/middleware/middleware.go:17 msg="Received request" method=GET path=/login traceID=fd36de93-1090-41ef-9de9-b0be91e3b3d4
time=2025-05-07T17:25:59.589+01:00 level=WARN source=/Users/laura.wu/goAcademy/pkg/middleware/middleware.go:29 msg="No user_id cookie found" error="http: named cookie not present" traceID=fd36de93-1090-41ef-9de9-b0be91e3b3d4
time=2025-05-07T17:30:09.142+01:00 level=INFO source=/Users/laura.wu/goAcademy/pkg/middleware/middleware.go:17 msg="Received request" method=GET path=/register traceID=7444d9e7-99c6-4430-b8be-bc081c27c809
time=2025-05-07T17:30:09.143+01:00 level=WARN source=/Users/laura.wu/goAcademy/pkg/middleware/middleware.go:29 msg="No user_id cookie found" error="http: named cookie not present" traceID=7444d9e7-99c6-4430-b8be-bc081c27c809
time=2025-05-07T17:30:09.193+01:00 level=INFO source=/Users/laura.wu/goAcademy/pkg/middleware/middleware.go:17 msg="Received request" method=GET path=/favicon.ico traceID=e1887315-d15c-4794-9d59-54efa7a83758
time=2025-05-07T17:30:09.193+01:00 level=WARN source=/Users/laura.wu/goAcademy/pkg/middleware/middleware.go:29 msg="No user_id cookie found" error="http: named cookie not present" traceID=e1887315-d15c-4794-9d59-54efa7a83758
time=2025-05-07T17:30:09.193+01:00 level=ERROR source=/Users/laura.wu/goAcademy/pkg/middleware/middleware.go:46 msg="Unauthorized access attempt" path=/favicon.ico traceID=e1887315-d15c-4794-9d59-54efa7a83758
time=2025-05-07T17:30:09.195+01:00 level=INFO source=/Users/laura.wu/goAcademy/pkg/middleware/middleware.go:17 msg="Received request" method=GET path=/login traceID=e899f5c1-e860-43be-bffe-a631514769c4
time=2025-05-07T17:30:09.195+01:00 level=WARN source=/Users/laura.wu/goAcademy/pkg/middleware/middleware.go:29 msg="No user_id cookie found" error="http: named cookie not present" traceID=e899f5c1-e860-43be-bffe-a631514769c4
time=2025-05-07T17:30:11.825+01:00 level=INFO source=/Users/laura.wu/goAcademy/pkg/middleware/middleware.go:17 msg="Received request" method=GET path=/login traceID=3efd4dd2-d8c7-4823-940b-8e9fab49bada
time=2025-05-07T17:30:11.825+01:00 level=WARN source=/Users/laura.wu/goAcademy/pkg/middleware/middleware.go:29 msg="No user_id cookie found" error="http: named cookie not present" traceID=3efd4dd2-d8c7-4823-940b-8e9fab49bada
time=2025-05-07T17:30:11.874+01:00 level=INFO source=/Users/laura.wu/goAcademy/pkg/middleware/middleware.go:17 msg="Received request" method=GET path=/favicon.ico traceID=4b31322e-8edd-4072-bf7e-349db7717789
time=2025-05-07T17:30:11.874+01:00 level=WARN source=/Users/laura.wu/goAcademy/pkg/middleware/middleware.go:29 msg="No user_id cookie found" error="http: named cookie not present" traceID=4b31322e-8edd-4072-bf7e-349db7717789
time=2025-05-07T17:30:11.874+01:00 level=ERROR source=/Users/laura.wu/goAcademy/pkg/middleware/middleware.go:46 msg="Unauthorized access attempt" path=/favicon.ico traceID=4b31322e-8edd-4072-bf7e-349db7717789
time=2025-05-07T17:30:11.876+01:00 level=INFO source=/Users/laura.wu/goAcademy/pkg/middleware/middleware.go:17 msg="Received request" method=GET path=/login traceID=e904881d-2f24-4a5a-886e-7800799772ee
time=2025-05-07T17:30:11.876+01:00 level=WARN source=/Users/laura.wu/goAcademy/pkg/middleware/middleware.go:29 msg="No user_id cookie found" error="http: named cookie not present" traceID=e904881d-2f24-4a5a-886e-7800799772ee
time=2025-05-07T17:30:12.766+01:00 level=INFO source=/Users/laura.wu/goAcademy/pkg/middleware/middleware.go:17 msg="Received request" method=GET path=/register traceID=dd6b027e-9c5b-4b88-826e-f58cfbf76cc4
time=2025-05-07T17:30:12.766+01:00 level=WARN source=/Users/laura.wu/goAcademy/pkg/middleware/middleware.go:29 msg="No user_id cookie found" error="http: named cookie not present" traceID=dd6b027e-9c5b-4b88-826e-f58cfbf76cc4
time=2025-05-07T17:30:12.805+01:00 level=INFO source=/Users/laura.wu/goAcademy/pkg/middleware/middleware.go:17 msg="Received request" method=GET path=/favicon.ico traceID=cbb910cd-e623-47e2-b26c-dd0e9c0ce43b
time=2025-05-07T17:30:12.805+01:00 level=WARN source=/Users/laura.wu/goAcademy/pkg/middleware/middleware.go:29 msg="No user_id cookie found" error="http: named cookie not present" traceID=cbb910cd-e623-47e2-b26c-dd0e9c0ce43b
time=2025-05-07T17:30:12.805+01:00 level=ERROR source=/Users/laura.wu/goAcademy/pkg/middleware/middleware.go:46 msg="Unauthorized access attempt" path=/favicon.ico traceID=cbb910cd-e623-47e2-b26c-dd0e9c0ce43b
time=2025-05-07T17:30:12.808+01:00 level=INFO source=/Users/laura.wu/goAcademy/pkg/middleware/middleware.go:17 msg="Received request" method=GET path=/login traceID=aec3c057-7983-4e35-b904-6b6533e71edf
time=2025-05-07T17:30:12.808+01:00 level=WARN source=/Users/laura.wu/goAcademy/pkg/middleware/middleware.go:29 msg="No user_id cookie found" error="http: named cookie not present" traceID=aec3c057-7983-4e35-b904-6b6533e71edf
time=2025-05-07T17:30:15.045+01:00 level=INFO source=/Users/laura.wu/goAcademy/pkg/middleware/middleware.go:17 msg="Received request" method=GET path=/login traceID=c0ce689c-589a-44fe-ba10-50b21de2e6de
time=2025-05-07T17:30:15.046+01:00 level=WARN source=/Users/laura.wu/goAcademy/pkg/middleware/middleware.go:29 msg="No user_id cookie found" error="http: named cookie not present" traceID=c0ce689c-589a-44fe-ba10-50b21de2e6de
time=2025-05-07T17:30:15.096+01:00 level=INFO source=/Users/laura.wu/goAcademy/pkg/middleware/middleware.go:17 msg="Received request" method=GET path=/favicon.ico traceID=68fc69c1-a81e-4685-b879-ff60c4f9aede
time=2025-05-07T17:30:15.096+01:00 level=WARN source=/Users/laura.wu/goAcademy/pkg/middleware/middleware.go:29 msg="No user_id cookie found" error="http: named cookie not present" traceID=68fc69c1-a81e-4685-b879-ff60c4f9aede
time=2025-05-07T17:30:15.096+01:00 level=ERROR source=/Users/laura.wu/goAcademy/pkg/middleware/middleware.go:46 msg="Unauthorized access attempt" path=/favicon.ico traceID=68fc69c1-a81e-4685-b879-ff60c4f9aede
time=2025-05-07T17:30:15.099+01:00 level=INFO source=/Users/laura.wu/goAcademy/pkg/middleware/middleware.go:17 msg="Received request" method=GET path=/login traceID=584cd6cb-8f0b-44ef-a4aa-7976b3d74bbe
time=2025-05-07T17:30:15.099+01:00 level=WARN source=/Users/laura.wu/goAcademy/pkg/middleware/middleware.go:29 msg="No user_id cookie found" error="http: named cookie not present" traceID=584cd6cb-8f0b-44ef-a4aa-7976b3d74bbe
time=2025-05-07T17:30:20.738+01:00 level=INFO source=/Users/laura.wu/goAcademy/pkg/middleware/middleware.go:17 msg="Received request" method=POST path=/login traceID=4a1c05bb-92a3-4520-9d63-025fbd813816
time=2025-05-07T17:30:20.738+01:00 level=WARN source=/Users/laura.wu/goAcademy/pkg/middleware/middleware.go:29 msg="No user_id cookie found" error="http: named cookie not present" traceID=4a1c05bb-92a3-4520-9d63-025fbd813816
time=2025-05-07T17:30:20.826+01:00 level=INFO source=/Users/laura.wu/goAcademy/pkg/handlers/handlers.go:267 msg="User logged in successfully" user_id=2 username=laurawu
time=2025-05-07T17:30:20.831+01:00 level=INFO source=/Users/laura.wu/goAcademy/pkg/middleware/middleware.go:17 msg="Received request" method=GET path=/ traceID=61bbadd7-761c-4f3c-87f1-6b4794e18e5d
time=2025-05-07T17:30:20.865+01:00 level=INFO source=/Users/laura.wu/goAcademy/pkg/middleware/middleware.go:17 msg="Received request" method=GET path=/favicon.ico traceID=8dbaa38c-6613-4034-8605-7b5afbfc9f91
time=2025-05-07T17:30:32.790+01:00 level=INFO source=/Users/laura.wu/goAcademy/pkg/middleware/middleware.go:17 msg="Received request" method=POST path=/create traceID=996a65f2-67d5-401e-b7bc-7f3b744b1397
time=2025-05-07T17:30:32.795+01:00 level=INFO source=/Users/laura.wu/goAcademy/pkg/todo/logic.go:56 msg="Created new todo" id=15 task="play with cat" status="not started" traceID=996a65f2-67d5-401e-b7bc-7f3b744b1397
time=2025-05-07T17:30:32.806+01:00 level=INFO source=/Users/laura.wu/goAcademy/pkg/middleware/middleware.go:17 msg="Received request" method=GET path=/ traceID=8e30fa55-9162-48cc-acc5-f4613a786cc6
time=2025-05-07T17:30:32.845+01:00 level=INFO source=/Users/laura.wu/goAcademy/pkg/middleware/middleware.go:17 msg="Received request" method=GET path=/favicon.ico traceID=f613e72d-6bab-4a45-84ee-ff7f31043cae
time=2025-05-07T17:30:35.178+01:00 level=INFO source=/Users/laura.wu/goAcademy/pkg/middleware/middleware.go:17 msg="Received request" method=PUT path=/update traceID=6072ace3-c9a9-48de-a6de-05f0cb5a75b1
time=2025-05-07T17:30:35.181+01:00 level=INFO source=/Users/laura.wu/goAcademy/pkg/todo/logic.go:76 msg="Updated todo" id=12 task="feed the cat" status=started traceID=6072ace3-c9a9-48de-a6de-05f0cb5a75b1
time=2025-05-07T17:30:37.256+01:00 level=INFO source=/Users/laura.wu/goAcademy/pkg/middleware/middleware.go:17 msg="Received request" method=PUT path=/update traceID=8e6d0958-84fd-4a00-91d6-e9686a7fd33f
time=2025-05-07T17:30:37.257+01:00 level=INFO source=/Users/laura.wu/goAcademy/pkg/todo/logic.go:76 msg="Updated todo" id=12 task="feed the cat" status=completed traceID=8e6d0958-84fd-4a00-91d6-e9686a7fd33f
time=2025-05-08T08:45:56.918+01:00 level=INFO source=/Users/laura.wu/goAcademy/pkg/middleware/middleware.go:17 msg="Received request" method=PUT path=/update traceID=210e9634-56eb-4586-bbe6-f0a4b3bd1dc5
time=2025-05-08T08:45:56.934+01:00 level=INFO source=/Users/laura.wu/goAcademy/pkg/todo/logic.go:76 msg="Updated todo" id=12 task="feed the cat" status=completed traceID=210e9634-56eb-4586-bbe6-f0a4b3bd1dc5
time=2025-05-08T09:28:09.944+01:00 level=INFO source=/Users/laura.wu/goAcademy/cmd/todo/main.go:75 msg="got signal: [interrupt] now closing" traceID=1c27caea-75cb-4ddf-be00-200538c47d55
time=2025-05-08T09:28:09.946+01:00 level=INFO source=/Users/laura.wu/goAcademy/pkg/todo/actor.go:73 msg="shutting down todo actor" traceID=1c27caea-75cb-4ddf-be00-200538c47d55
time=2025-05-08T09:28:09.947+01:00 level=INFO source=/Users/laura.wu/goAcademy/cmd/todo/main.go:79 msg="shutdown application" traceID=1c27caea-75cb-4ddf-be00-200538c47d55
time=2025-05-08T09:28:13.979+01:00 level=INFO source=/Users/laura.wu/goAcademy/pkg/todo/actor.go:18 msg="Starting Todo Actor" traceID=74ca87c5-ef77-492d-97ad-5ad33643cfe7
time=2025-05-08T09:28:13.980+01:00 level=INFO source=/Users/laura.wu/goAcademy/cmd/todo/main.go:62 msg="Server is running on http://localhost:8080/" traceID=74ca87c5-ef77-492d-97ad-5ad33643cfe7
time=2025-05-08T09:28:20.903+01:00 level=INFO source=/Users/laura.wu/goAcademy/pkg/middleware/middleware.go:17 msg="Received request" method=GET path=/ traceID=41ab320d-4f19-4f24-8af9-6bbb4d29ef5f
time=2025-05-08T09:28:21.552+01:00 level=INFO source=/Users/laura.wu/goAcademy/pkg/middleware/middleware.go:17 msg="Received request" method=GET path=/favicon.ico traceID=ee5f624b-fb7e-4387-8f37-cd94be1274a5
time=2025-05-08T09:28:23.157+01:00 level=INFO source=/Users/laura.wu/goAcademy/pkg/middleware/middleware.go:17 msg="Received request" method=POST path=/logout traceID=50567adf-49cf-483a-9363-c3b203c5e17e
time=2025-05-08T09:28:23.158+01:00 level=INFO source=/Users/laura.wu/goAcademy/pkg/handlers/handlers.go:298 msg="User logged out successfully" traceID=50567adf-49cf-483a-9363-c3b203c5e17e
time=2025-05-08T09:28:23.160+01:00 level=INFO source=/Users/laura.wu/goAcademy/pkg/middleware/middleware.go:17 msg="Received request" method=GET path=/login traceID=8837699b-9552-496e-b53e-0c4faac30a18
time=2025-05-08T09:28:23.160+01:00 level=WARN source=/Users/laura.wu/goAcademy/pkg/middleware/middleware.go:29 msg="No user_id cookie found" error="http: named cookie not present" traceID=8837699b-9552-496e-b53e-0c4faac30a18
time=2025-05-08T09:28:23.170+01:00 level=INFO source=/Users/laura.wu/goAcademy/pkg/middleware/middleware.go:17 msg="Received request" method=GET path=/login traceID=3d20849c-7f2d-4df5-9883-e3c6e5d21866
time=2025-05-08T09:28:23.170+01:00 level=WARN source=/Users/laura.wu/goAcademy/pkg/middleware/middleware.go:29 msg="No user_id cookie found" error="http: named cookie not present" traceID=3d20849c-7f2d-4df5-9883-e3c6e5d21866
time=2025-05-08T09:28:23.224+01:00 level=INFO source=/Users/laura.wu/goAcademy/pkg/middleware/middleware.go:17 msg="Received request" method=GET path=/favicon.ico traceID=26c48324-50e4-4ae9-b144-e02a5ca7e036
time=2025-05-08T09:28:23.224+01:00 level=WARN source=/Users/laura.wu/goAcademy/pkg/middleware/middleware.go:29 msg="No user_id cookie found" error="http: named cookie not present" traceID=26c48324-50e4-4ae9-b144-e02a5ca7e036
time=2025-05-08T09:28:23.224+01:00 level=ERROR source=/Users/laura.wu/goAcademy/pkg/middleware/middleware.go:46 msg="Unauthorized access attempt" path=/favicon.ico traceID=26c48324-50e4-4ae9-b144-e02a5ca7e036
time=2025-05-08T09:28:23.225+01:00 level=INFO source=/Users/laura.wu/goAcademy/pkg/middleware/middleware.go:17 msg="Received request" method=GET path=/login traceID=88bf3c23-c109-456d-b18e-6e5af4a0f4ce
time=2025-05-08T09:28:23.225+01:00 level=WARN source=/Users/laura.wu/goAcademy/pkg/middleware/middleware.go:29 msg="No user_id cookie found" error="http: named cookie not present" traceID=88bf3c23-c109-456d-b18e-6e5af4a0f4ce
time=2025-05-08T09:28:46.164+01:00 level=INFO source=/Users/laura.wu/goAcademy/cmd/todo/main.go:75 msg="got signal: [interrupt] now closing" traceID=74ca87c5-ef77-492d-97ad-5ad33643cfe7
time=2025-05-08T09:28:46.165+01:00 level=INFO source=/Users/laura.wu/goAcademy/cmd/todo/main.go:79 msg="shutdown application" traceID=74ca87c5-ef77-492d-97ad-5ad33643cfe7
time=2025-05-08T09:28:46.165+01:00 level=INFO source=/Users/laura.wu/goAcademy/pkg/todo/actor.go:87 msg="shutting down todo actor" traceID=74ca87c5-ef77-492d-97ad-5ad33643cfe7
time=2025-05-08T09:30:12.995+01:00 level=INFO source=/Users/laura.wu/goAcademy/pkg/todo/actor.go:18 msg="Starting Todo Actor" traceID=16388d36-0ec1-4209-aa40-eb8bab375833
time=2025-05-08T09:30:12.996+01:00 level=INFO source=/Users/laura.wu/goAcademy/cmd/todo/main.go:62 msg="Server is running on http://localhost:8080/" traceID=16388d36-0ec1-4209-aa40-eb8bab375833
time=2025-05-08T09:30:15.835+01:00 level=INFO source=/Users/laura.wu/goAcademy/pkg/middleware/middleware.go:17 msg="Received request" method=GET path=/ traceID=f5ee174a-33de-44a4-a842-2cd796d6b8df
time=2025-05-08T09:30:15.835+01:00 level=WARN source=/Users/laura.wu/goAcademy/pkg/middleware/middleware.go:29 msg="No user_id cookie found" error="http: named cookie not present" traceID=f5ee174a-33de-44a4-a842-2cd796d6b8df
time=2025-05-08T09:30:15.835+01:00 level=ERROR source=/Users/laura.wu/goAcademy/pkg/middleware/middleware.go:46 msg="Unauthorized access attempt" path=/ traceID=f5ee174a-33de-44a4-a842-2cd796d6b8df
time=2025-05-08T09:30:15.837+01:00 level=INFO source=/Users/laura.wu/goAcademy/pkg/middleware/middleware.go:17 msg="Received request" method=GET path=/login traceID=a497802d-7d3a-4d7b-9004-8653cb493ee2
time=2025-05-08T09:30:15.837+01:00 level=WARN source=/Users/laura.wu/goAcademy/pkg/middleware/middleware.go:29 msg="No user_id cookie found" error="http: named cookie not present" traceID=a497802d-7d3a-4d7b-9004-8653cb493ee2
time=2025-05-08T09:30:19.595+01:00 level=INFO source=/Users/laura.wu/goAcademy/pkg/middleware/middleware.go:17 msg="Received request" method=GET path=/favicon.ico traceID=673e7ec7-1bf1-4af5-ab11-f94eb417e8ee
time=2025-05-08T09:30:19.595+01:00 level=WARN source=/Users/laura.wu/goAcademy/pkg/middleware/middleware.go:29 msg="No user_id cookie found" error="http: named cookie not present" traceID=673e7ec7-1bf1-4af5-ab11-f94eb417e8ee
time=2025-05-08T09:30:19.595+01:00 level=ERROR source=/Users/laura.wu/goAcademy/pkg/middleware/middleware.go:46 msg="Unauthorized access attempt" path=/favicon.ico traceID=673e7ec7-1bf1-4af5-ab11-f94eb417e8ee
time=2025-05-08T09:30:19.599+01:00 level=INFO source=/Users/laura.wu/goAcademy/pkg/middleware/middleware.go:17 msg="Received request" method=GET path=/login traceID=a1684e1f-22d4-470c-99c4-375cd4692211
time=2025-05-08T09:30:19.599+01:00 level=WARN source=/Users/laura.wu/goAcademy/pkg/middleware/middleware.go:29 msg="No user_id cookie found" error="http: named cookie not present" traceID=a1684e1f-22d4-470c-99c4-375cd4692211
time=2025-05-08T09:54:33.339+01:00 level=INFO source=/Users/laura.wu/goAcademy/pkg/middleware/middleware.go:17 msg="Received request" method=POST path=/login traceID=5b8bab90-8eb8-424f-87a7-2c4870d0f4a6
time=2025-05-08T09:54:33.341+01:00 level=WARN source=/Users/laura.wu/goAcademy/pkg/middleware/middleware.go:29 msg="No user_id cookie found" error="http: named cookie not present" traceID=5b8bab90-8eb8-424f-87a7-2c4870d0f4a6
time=2025-05-08T09:54:33.458+01:00 level=INFO source=/Users/laura.wu/goAcademy/pkg/handlers/handlers.go:283 msg="User logged in successfully" user_id=2 username=laurawu traceID=5b8bab90-8eb8-424f-87a7-2c4870d0f4a6
time=2025-05-08T09:54:33.464+01:00 level=INFO source=/Users/laura.wu/goAcademy/pkg/middleware/middleware.go:17 msg="Received request" method=GET path=/ traceID=c68c952a-e7b3-4695-8e5d-b18bd31aeafa
time=2025-05-08T09:54:33.556+01:00 level=INFO source=/Users/laura.wu/goAcademy/pkg/middleware/middleware.go:17 msg="Received request" method=GET path=/favicon.ico traceID=7b9af6ac-f3b3-4b97-a2f8-5979e8811737
time=2025-05-08T09:54:52.426+01:00 level=INFO source=/Users/laura.wu/goAcademy/pkg/middleware/middleware.go:17 msg="Received request" method=POST path=/logout traceID=87dd788a-5f10-4f87-9cbd-b49cb80586ac
time=2025-05-08T09:54:52.427+01:00 level=INFO source=/Users/laura.wu/goAcademy/pkg/handlers/handlers.go:297 msg="User logging out" user_id=2 traceID=87dd788a-5f10-4f87-9cbd-b49cb80586ac
time=2025-05-08T09:54:52.429+01:00 level=INFO source=/Users/laura.wu/goAcademy/pkg/middleware/middleware.go:17 msg="Received request" method=GET path=/login traceID=3fbf49fa-93fd-4449-834a-b9f18962da4f
time=2025-05-08T09:54:52.429+01:00 level=WARN source=/Users/laura.wu/goAcademy/pkg/middleware/middleware.go:29 msg="No user_id cookie found" error="http: named cookie not present" traceID=3fbf49fa-93fd-4449-834a-b9f18962da4f
time=2025-05-08T09:54:52.438+01:00 level=INFO source=/Users/laura.wu/goAcademy/pkg/middleware/middleware.go:17 msg="Received request" method=GET path=/login traceID=51670ff6-4f81-4a79-a9d1-bac18aff9820
time=2025-05-08T09:54:52.438+01:00 level=WARN source=/Users/laura.wu/goAcademy/pkg/middleware/middleware.go:29 msg="No user_id cookie found" error="http: named cookie not present" traceID=51670ff6-4f81-4a79-a9d1-bac18aff9820
time=2025-05-08T09:54:52.491+01:00 level=INFO source=/Users/laura.wu/goAcademy/pkg/middleware/middleware.go:17 msg="Received request" method=GET path=/favicon.ico traceID=cbda2277-7ca6-4934-8b5b-ddcbaa267dd3
time=2025-05-08T09:54:52.491+01:00 level=WARN source=/Users/laura.wu/goAcademy/pkg/middleware/middleware.go:29 msg="No user_id cookie found" error="http: named cookie not present" traceID=cbda2277-7ca6-4934-8b5b-ddcbaa267dd3
time=2025-05-08T09:54:52.491+01:00 level=ERROR source=/Users/laura.wu/goAcademy/pkg/middleware/middleware.go:46 msg="Unauthorized access attempt" path=/favicon.ico traceID=cbda2277-7ca6-4934-8b5b-ddcbaa267dd3
time=2025-05-08T09:54:52.492+01:00 level=INFO source=/Users/laura.wu/goAcademy/pkg/middleware/middleware.go:17 msg="Received request" method=GET path=/login traceID=812b23b2-3b98-4732-b74c-864673c85994
time=2025-05-08T09:54:52.492+01:00 level=WARN source=/Users/laura.wu/goAcademy/pkg/middleware/middleware.go:29 msg="No user_id cookie found" error="http: named cookie not present" traceID=812b23b2-3b98-4732-b74c-864673c85994
time=2025-05-08T09:55:31.392+01:00 level=INFO source=/Users/laura.wu/goAcademy/cmd/todo/main.go:75 msg="got signal: [interrupt] now closing" traceID=16388d36-0ec1-4209-aa40-eb8bab375833
time=2025-05-08T09:55:31.394+01:00 level=INFO source=/Users/laura.wu/goAcademy/cmd/todo/main.go:79 msg="shutdown application" traceID=16388d36-0ec1-4209-aa40-eb8bab375833
time=2025-05-08T10:00:21.561+01:00 level=INFO source=/Users/laura.wu/goAcademy/pkg/todo/actor.go:18 msg="Starting Todo Actor" traceID=dc2f09f0-b5a2-482d-9a82-fa3720eed554
time=2025-05-08T10:00:21.562+01:00 level=INFO source=/Users/laura.wu/goAcademy/cmd/todo/main.go:62 msg="Server is running on http://localhost:8080/" traceID=dc2f09f0-b5a2-482d-9a82-fa3720eed554
time=2025-05-08T10:00:37.519+01:00 level=INFO source=/Users/laura.wu/goAcademy/pkg/middleware/middleware.go:17 msg="Received request" method=POST path=/login traceID=05d78381-6c5c-4f9c-a3c1-db1ec3026d9b
time=2025-05-08T10:00:37.520+01:00 level=WARN source=/Users/laura.wu/goAcademy/pkg/middleware/middleware.go:29 msg="No user_id cookie found" error="http: named cookie not present" traceID=05d78381-6c5c-4f9c-a3c1-db1ec3026d9b
time=2025-05-08T10:00:37.607+01:00 level=INFO source=/Users/laura.wu/goAcademy/pkg/handlers/handlers.go:283 msg="User logged in successfully" user_id=4 username=janedoe traceID=05d78381-6c5c-4f9c-a3c1-db1ec3026d9b
time=2025-05-08T10:00:37.613+01:00 level=INFO source=/Users/laura.wu/goAcademy/pkg/middleware/middleware.go:17 msg="Received request" method=GET path=/ traceID=2b0e6d6f-5ad7-4b80-9858-009648d8e819
time=2025-05-08T10:00:37.653+01:00 level=INFO source=/Users/laura.wu/goAcademy/pkg/middleware/middleware.go:17 msg="Received request" method=GET path=/favicon.ico traceID=d762cd76-115a-4327-8771-f83789ea6aaf
time=2025-05-08T10:01:25.434+01:00 level=INFO source=/Users/laura.wu/goAcademy/pkg/middleware/middleware.go:17 msg="Received request" method=POST path=/create traceID=37397bd7-11aa-44ab-a88a-67d6b77593e8
time=2025-05-08T10:01:25.452+01:00 level=INFO source=/Users/laura.wu/goAcademy/pkg/todo/logic.go:56 msg="Created new todo" id=16 task="5k run" status="not started" traceID=37397bd7-11aa-44ab-a88a-67d6b77593e8
time=2025-05-08T10:01:25.459+01:00 level=INFO source=/Users/laura.wu/goAcademy/pkg/middleware/middleware.go:17 msg="Received request" method=GET path=/ traceID=a2d03ac6-4bd1-42cf-a79a-80b018f336d2
time=2025-05-08T10:01:25.502+01:00 level=INFO source=/Users/laura.wu/goAcademy/pkg/middleware/middleware.go:17 msg="Received request" method=GET path=/favicon.ico traceID=c02e9be5-2034-405b-aa6c-7875963efa7b
time=2025-05-08T10:34:02.736+01:00 level=INFO source=/Users/laura.wu/goAcademy/cmd/todo/main.go:75 msg="got signal: [interrupt] now closing" traceID=dc2f09f0-b5a2-482d-9a82-fa3720eed554
time=2025-05-08T10:34:02.738+01:00 level=INFO source=/Users/laura.wu/goAcademy/cmd/todo/main.go:79 msg="shutdown application" traceID=dc2f09f0-b5a2-482d-9a82-fa3720eed554
time=2025-05-08T10:34:07.080+01:00 level=ERROR source=/Users/laura.wu/goAcademy/cmd/todo/main.go:21 msg="failed to connect to database" error="pq: password authentication failed for user \"postgres_todo_pfl7_user\"" traceID=5f136847-9373-438b-a25f-f05bd220472a
time=2025-05-08T10:35:07.862+01:00 level=INFO source=/Users/laura.wu/goAcademy/pkg/todo/actor.go:18 msg="Starting Todo Actor" traceID=a8aebd82-be67-4fbe-8375-4a171ba858b0
time=2025-05-08T10:35:07.865+01:00 level=INFO source=/Users/laura.wu/goAcademy/cmd/todo/main.go:62 msg="Server is running on http://localhost:8080/" traceID=a8aebd82-be67-4fbe-8375-4a171ba858b0
time=2025-05-08T10:35:13.184+01:00 level=INFO source=/Users/laura.wu/goAcademy/pkg/middleware/middleware.go:17 msg="Received request" method=GET path=/ traceID=e088d6b4-3380-4d78-9417-dc2ab0977841
time=2025-05-08T10:35:13.384+01:00 level=ERROR source=/Users/laura.wu/goAcademy/cmd/todo/views.go:50 msg="failed to get username" error="sql: no rows in result set" traceID=e088d6b4-3380-4d78-9417-dc2ab0977841
time=2025-05-08T10:35:14.114+01:00 level=INFO source=/Users/laura.wu/goAcademy/pkg/middleware/middleware.go:17 msg="Received request" method=GET path=/favicon.ico traceID=84b611d8-7109-431b-a3cb-bae37a355d5b
time=2025-05-08T10:35:14.365+01:00 level=ERROR source=/Users/laura.wu/goAcademy/cmd/todo/views.go:50 msg="failed to get username" error="sql: no rows in result set" traceID=84b611d8-7109-431b-a3cb-bae37a355d5b
time=2025-05-08T10:35:17.138+01:00 level=INFO source=/Users/laura.wu/goAcademy/pkg/middleware/middleware.go:17 msg="Received request" method=POST path=/logout traceID=3ac8636e-6220-475a-826c-4f87d512bf83
time=2025-05-08T10:35:17.139+01:00 level=INFO source=/Users/laura.wu/goAcademy/pkg/handlers/handlers.go:297 msg="User logging out" user_id=4 traceID=3ac8636e-6220-475a-826c-4f87d512bf83
time=2025-05-08T10:35:17.141+01:00 level=INFO source=/Users/laura.wu/goAcademy/pkg/middleware/middleware.go:17 msg="Received request" method=GET path=/login traceID=ea002a3b-67ff-46e0-ae56-e45e17ffbb13
time=2025-05-08T10:35:17.141+01:00 level=WARN source=/Users/laura.wu/goAcademy/pkg/middleware/middleware.go:29 msg="No user_id cookie found" error="http: named cookie not present" traceID=ea002a3b-67ff-46e0-ae56-e45e17ffbb13
time=2025-05-08T10:35:17.151+01:00 level=INFO source=/Users/laura.wu/goAcademy/pkg/middleware/middleware.go:17 msg="Received request" method=GET path=/login traceID=13a1f68e-0ff9-4a15-a005-d4074473a1c2
time=2025-05-08T10:35:17.151+01:00 level=WARN source=/Users/laura.wu/goAcademy/pkg/middleware/middleware.go:29 msg="No user_id cookie found" error="http: named cookie not present" traceID=13a1f68e-0ff9-4a15-a005-d4074473a1c2
time=2025-05-08T10:35:17.201+01:00 level=INFO source=/Users/laura.wu/goAcademy/pkg/middleware/middleware.go:17 msg="Received request" method=GET path=/favicon.ico traceID=1ff9ede2-4e79-4c97-8719-5144009b9b7a
time=2025-05-08T10:35:17.201+01:00 level=WARN source=/Users/laura.wu/goAcademy/pkg/middleware/middleware.go:29 msg="No user_id cookie found" error="http: named cookie not present" traceID=1ff9ede2-4e79-4c97-8719-5144009b9b7a
time=2025-05-08T10:35:17.201+01:00 level=ERROR source=/Users/laura.wu/goAcademy/pkg/middleware/middleware.go:46 msg="Unauthorized access attempt" path=/favicon.ico traceID=1ff9ede2-4e79-4c97-8719-5144009b9b7a
time=2025-05-08T10:35:17.203+01:00 level=INFO source=/Users/laura.wu/goAcademy/pkg/middleware/middleware.go:17 msg="Received request" method=GET path=/login traceID=c224e5cc-3449-493f-8e50-ace7f46f3141
time=2025-05-08T10:35:17.203+01:00 level=WARN source=/Users/laura.wu/goAcademy/pkg/middleware/middleware.go:29 msg="No user_id cookie found" error="http: named cookie not present" traceID=c224e5cc-3449-493f-8e50-ace7f46f3141
time=2025-05-08T10:35:32.065+01:00 level=INFO source=/Users/laura.wu/goAcademy/pkg/middleware/middleware.go:17 msg="Received request" method=POST path=/login traceID=05d8b412-7080-4a0f-aa0e-5865f1d79df1
time=2025-05-08T10:35:32.065+01:00 level=WARN source=/Users/laura.wu/goAcademy/pkg/middleware/middleware.go:29 msg="No user_id cookie found" error="http: named cookie not present" traceID=05d8b412-7080-4a0f-aa0e-5865f1d79df1
time=2025-05-08T10:35:43.576+01:00 level=INFO source=/Users/laura.wu/goAcademy/pkg/middleware/middleware.go:17 msg="Received request" method=GET path=/register traceID=6699a58c-ca78-4a93-b283-5f3b121e1838
time=2025-05-08T10:35:43.576+01:00 level=WARN source=/Users/laura.wu/goAcademy/pkg/middleware/middleware.go:29 msg="No user_id cookie found" error="http: named cookie not present" traceID=6699a58c-ca78-4a93-b283-5f3b121e1838
time=2025-05-08T10:35:43.629+01:00 level=INFO source=/Users/laura.wu/goAcademy/pkg/middleware/middleware.go:17 msg="Received request" method=GET path=/favicon.ico traceID=61176fed-ae08-4285-af55-f2beced33611
time=2025-05-08T10:35:43.629+01:00 level=WARN source=/Users/laura.wu/goAcademy/pkg/middleware/middleware.go:29 msg="No user_id cookie found" error="http: named cookie not present" traceID=61176fed-ae08-4285-af55-f2beced33611
time=2025-05-08T10:35:43.629+01:00 level=ERROR source=/Users/laura.wu/goAcademy/pkg/middleware/middleware.go:46 msg="Unauthorized access attempt" path=/favicon.ico traceID=61176fed-ae08-4285-af55-f2beced33611
time=2025-05-08T10:35:43.633+01:00 level=INFO source=/Users/laura.wu/goAcademy/pkg/middleware/middleware.go:17 msg="Received request" method=GET path=/login traceID=3665cd67-f8f7-4d7c-a639-493977a2fb77
time=2025-05-08T10:35:43.633+01:00 level=WARN source=/Users/laura.wu/goAcademy/pkg/middleware/middleware.go:29 msg="No user_id cookie found" error="http: named cookie not present" traceID=3665cd67-f8f7-4d7c-a639-493977a2fb77
time=2025-05-08T10:35:52.400+01:00 level=INFO source=/Users/laura.wu/goAcademy/pkg/middleware/middleware.go:17 msg="Received request" method=POST path=/register traceID=b84a54be-1c7a-4d42-8a9b-5af73d38cb58
time=2025-05-08T10:35:52.400+01:00 level=WARN source=/Users/laura.wu/goAcademy/pkg/middleware/middleware.go:29 msg="No user_id cookie found" error="http: named cookie not present" traceID=b84a54be-1c7a-4d42-8a9b-5af73d38cb58
time=2025-05-08T10:35:52.556+01:00 level=INFO source=/Users/laura.wu/goAcademy/pkg/handlers/handlers.go:232 msg="User registered successfully" username=janedoe traceID=b84a54be-1c7a-4d42-8a9b-5af73d38cb58
time=2025-05-08T10:35:54.222+01:00 level=INFO source=/Users/laura.wu/goAcademy/pkg/middleware/middleware.go:17 msg="Received request" method=GET path=/login traceID=401b11fb-e4d4-4d8f-9058-9b888ef01006
time=2025-05-08T10:35:54.223+01:00 level=WARN source=/Users/laura.wu/goAcademy/pkg/middleware/middleware.go:29 msg="No user_id cookie found" error="http: named cookie not present" traceID=401b11fb-e4d4-4d8f-9058-9b888ef01006
time=2025-05-08T10:35:54.266+01:00 level=INFO source=/Users/laura.wu/goAcademy/pkg/middleware/middleware.go:17 msg="Received request" method=GET path=/favicon.ico traceID=d12abd1b-d8e4-4f5c-95ba-50988dfcb770
time=2025-05-08T10:35:54.267+01:00 level=WARN source=/Users/laura.wu/goAcademy/pkg/middleware/middleware.go:29 msg="No user_id cookie found" error="http: named cookie not present" traceID=d12abd1b-d8e4-4f5c-95ba-50988dfcb770
time=2025-05-08T10:35:54.267+01:00 level=ERROR source=/Users/laura.wu/goAcademy/pkg/middleware/middleware.go:46 msg="Unauthorized access attempt" path=/favicon.ico traceID=d12abd1b-d8e4-4f5c-95ba-50988dfcb770
time=2025-05-08T10:35:54.269+01:00 level=INFO source=/Users/laura.wu/goAcademy/pkg/middleware/middleware.go:17 msg="Received request" method=GET path=/login traceID=c282742f-e27b-4424-927b-21c7e19fab66
time=2025-05-08T10:35:54.269+01:00 level=WARN source=/Users/laura.wu/goAcademy/pkg/middleware/middleware.go:29 msg="No user_id cookie found" error="http: named cookie not present" traceID=c282742f-e27b-4424-927b-21c7e19fab66
time=2025-05-08T10:36:07.188+01:00 level=INFO source=/Users/laura.wu/goAcademy/pkg/middleware/middleware.go:17 msg="Received request" method=POST path=/login traceID=3cba7a59-785a-4e10-a5ef-fc2723ad2386
time=2025-05-08T10:36:07.190+01:00 level=WARN source=/Users/laura.wu/goAcademy/pkg/middleware/middleware.go:29 msg="No user_id cookie found" error="http: named cookie not present" traceID=3cba7a59-785a-4e10-a5ef-fc2723ad2386
time=2025-05-08T10:36:07.397+01:00 level=INFO source=/Users/laura.wu/goAcademy/pkg/handlers/handlers.go:283 msg="User logged in successfully" user_id=1 username=janedoe traceID=3cba7a59-785a-4e10-a5ef-fc2723ad2386
time=2025-05-08T10:36:07.411+01:00 level=INFO source=/Users/laura.wu/goAcademy/pkg/middleware/middleware.go:17 msg="Received request" method=GET path=/ traceID=0de7bc50-3921-4aac-9ee7-e84f5a1fa63f
time=2025-05-08T10:36:07.659+01:00 level=INFO source=/Users/laura.wu/goAcademy/pkg/middleware/middleware.go:17 msg="Received request" method=GET path=/favicon.ico traceID=51fbf3f1-267a-43f0-bb65-2d5a62124d4a
time=2025-05-08T10:36:22.515+01:00 level=INFO source=/Users/laura.wu/goAcademy/pkg/middleware/middleware.go:17 msg="Received request" method=POST path=/create traceID=7ce97d40-707e-46ba-8444-ffb582ed0399
time=2025-05-08T10:36:22.625+01:00 level=INFO source=/Users/laura.wu/goAcademy/pkg/todo/logic.go:56 msg="Created new todo" id=1 task="feed the cat" status="not started" traceID=7ce97d40-707e-46ba-8444-ffb582ed0399
time=2025-05-08T10:36:22.639+01:00 level=INFO source=/Users/laura.wu/goAcademy/pkg/middleware/middleware.go:17 msg="Received request" method=GET path=/ traceID=21c93b3d-13c9-4fcc-a8f4-dfc9f67f075c
time=2025-05-08T10:36:22.903+01:00 level=INFO source=/Users/laura.wu/goAcademy/pkg/middleware/middleware.go:17 msg="Received request" method=GET path=/favicon.ico traceID=9ad0bd39-2c9c-42ab-a79c-a6a4a4a934cb
time=2025-05-08T10:36:35.975+01:00 level=INFO source=/Users/laura.wu/goAcademy/pkg/middleware/middleware.go:17 msg="Received request" method=POST path=/create traceID=7c6fbf3a-ef47-4bc1-b574-e438934977cf
time=2025-05-08T10:36:36.071+01:00 level=INFO source=/Users/laura.wu/goAcademy/pkg/todo/logic.go:56 msg="Created new todo" id=2 task="bring cat to the vet" status="not started" traceID=7c6fbf3a-ef47-4bc1-b574-e438934977cf
time=2025-05-08T10:36:36.084+01:00 level=INFO source=/Users/laura.wu/goAcademy/pkg/middleware/middleware.go:17 msg="Received request" method=GET path=/ traceID=d1927575-561e-4061-8838-73f41d984543
time=2025-05-08T10:36:36.343+01:00 level=INFO source=/Users/laura.wu/goAcademy/pkg/middleware/middleware.go:17 msg="Received request" method=GET path=/favicon.ico traceID=8d7ea036-265e-4628-88b5-2c157697d709
time=2025-05-08T10:36:40.999+01:00 level=INFO source=/Users/laura.wu/goAcademy/pkg/middleware/middleware.go:17 msg="Received request" method=PUT path=/update traceID=7f5b68d6-d885-4553-815d-30f2aafe5ae4
time=2025-05-08T10:36:41.108+01:00 level=INFO source=/Users/laura.wu/goAcademy/pkg/todo/logic.go:76 msg="Updated todo" id=1 task="feed the cat" status=completed traceID=7f5b68d6-d885-4553-815d-30f2aafe5ae4
time=2025-05-08T10:36:47.217+01:00 level=INFO source=/Users/laura.wu/goAcademy/cmd/todo/main.go:75 msg="got signal: [interrupt] now closing" traceID=a8aebd82-be67-4fbe-8375-4a171ba858b0
time=2025-05-08T10:36:47.218+01:00 level=INFO source=/Users/laura.wu/goAcademy/pkg/todo/actor.go:87 msg="shutting down todo actor" traceID=a8aebd82-be67-4fbe-8375-4a171ba858b0
time=2025-05-08T10:36:47.218+01:00 level=INFO source=/Users/laura.wu/goAcademy/cmd/todo/main.go:79 msg="shutdown application" traceID=a8aebd82-be67-4fbe-8375-4a171ba858b0
time=2025-05-08T11:03:12.781+01:00 level=INFO source=/Users/laura.wu/goAcademy/pkg/todo/actor.go:18 msg="Starting Todo Actor" traceID=ffcc48be-30a1-4979-a52b-b5a919c27564
time=2025-05-08T11:03:12.784+01:00 level=INFO source=/Users/laura.wu/goAcademy/cmd/todo/main.go:62 msg="Server is running on http://localhost:8080/" traceID=ffcc48be-30a1-4979-a52b-b5a919c27564
time=2025-05-08T11:03:18.546+01:00 level=INFO source=/Users/laura.wu/goAcademy/pkg/middleware/middleware.go:17 msg="Received request" method=GET path=/ traceID=388ae7f9-c5ac-414b-ba04-41e0fdc937c7
time=2025-05-08T11:03:18.828+01:00 level=INFO source=/Users/laura.wu/goAcademy/pkg/middleware/middleware.go:17 msg="Received request" method=GET path=/favicon.ico traceID=d6636a6e-5002-46a5-a851-cdab5a876069
time=2025-05-10T14:56:04.619+01:00 level=ERROR source=/Users/laurawu/LauraWu/goAcademy/cmd/todo/main.go:21 msg="failed to connect to database" error="dial tcp: lookup port=: no such host" traceID=ff1550e2-9fbb-4159-abf0-9b6997d43f27
time=2025-05-10T15:02:39.243+01:00 level=INFO source=/Users/laurawu/LauraWu/goAcademy/pkg/todo/actor.go:18 msg="Starting Todo Actor" traceID=d0ca6f6e-0a37-440e-a5c9-bcbe14cd4715
time=2025-05-10T15:02:39.245+01:00 level=INFO source=/Users/laurawu/LauraWu/goAcademy/cmd/todo/main.go:62 msg="Server is running on http://localhost:8080/" traceID=d0ca6f6e-0a37-440e-a5c9-bcbe14cd4715
time=2025-05-10T15:02:49.736+01:00 level=INFO source=/Users/laurawu/LauraWu/goAcademy/pkg/middleware/middleware.go:17 msg="Received request" method=GET path=/ traceID=7fb72833-ebac-4d8f-9d8c-f7fab6c21655
time=2025-05-10T15:02:49.736+01:00 level=WARN source=/Users/laurawu/LauraWu/goAcademy/pkg/middleware/middleware.go:29 msg="No user_id cookie found" error="http: named cookie not present" traceID=7fb72833-ebac-4d8f-9d8c-f7fab6c21655
time=2025-05-10T15:02:49.736+01:00 level=ERROR source=/Users/laurawu/LauraWu/goAcademy/pkg/middleware/middleware.go:46 msg="Unauthorized access attempt" path=/ traceID=7fb72833-ebac-4d8f-9d8c-f7fab6c21655
time=2025-05-10T15:02:49.738+01:00 level=INFO source=/Users/laurawu/LauraWu/goAcademy/pkg/middleware/middleware.go:17 msg="Received request" method=GET path=/login traceID=98010164-2aba-4bd1-98ff-711545bfed9d
time=2025-05-10T15:02:49.738+01:00 level=WARN source=/Users/laurawu/LauraWu/goAcademy/pkg/middleware/middleware.go:29 msg="No user_id cookie found" error="http: named cookie not present" traceID=98010164-2aba-4bd1-98ff-711545bfed9d
time=2025-05-10T15:02:49.834+01:00 level=INFO source=/Users/laurawu/LauraWu/goAcademy/pkg/middleware/middleware.go:17 msg="Received request" method=GET path=/favicon.ico traceID=5b5fa319-09c9-4643-9921-65e654fbeafc
time=2025-05-10T15:02:49.834+01:00 level=WARN source=/Users/laurawu/LauraWu/goAcademy/pkg/middleware/middleware.go:29 msg="No user_id cookie found" error="http: named cookie not present" traceID=5b5fa319-09c9-4643-9921-65e654fbeafc
time=2025-05-10T15:02:49.834+01:00 level=ERROR source=/Users/laurawu/LauraWu/goAcademy/pkg/middleware/middleware.go:46 msg="Unauthorized access attempt" path=/favicon.ico traceID=5b5fa319-09c9-4643-9921-65e654fbeafc
time=2025-05-10T15:02:49.836+01:00 level=INFO source=/Users/laurawu/LauraWu/goAcademy/pkg/middleware/middleware.go:17 msg="Received request" method=GET path=/login traceID=4be8c75d-2acf-40af-9a87-d950f0b47291
time=2025-05-10T15:02:49.836+01:00 level=WARN source=/Users/laurawu/LauraWu/goAcademy/pkg/middleware/middleware.go:29 msg="No user_id cookie found" error="http: named cookie not present" traceID=4be8c75d-2acf-40af-9a87-d950f0b47291
time=2025-05-10T15:02:58.332+01:00 level=INFO source=/Users/laurawu/LauraWu/goAcademy/pkg/middleware/middleware.go:17 msg="Received request" method=POST path=/login traceID=50a29142-59f6-4300-b408-7f7a983c360b
time=2025-05-10T15:02:58.332+01:00 level=WARN source=/Users/laurawu/LauraWu/goAcademy/pkg/middleware/middleware.go:29 msg="No user_id cookie found" error="http: named cookie not present" traceID=50a29142-59f6-4300-b408-7f7a983c360b
time=2025-05-10T15:02:58.456+01:00 level=INFO source=/Users/laurawu/LauraWu/goAcademy/pkg/handlers/handlers.go:283 msg="User logged in successfully" user_id=1 username=janedoe traceID=50a29142-59f6-4300-b408-7f7a983c360b
time=2025-05-10T15:02:58.459+01:00 level=INFO source=/Users/laurawu/LauraWu/goAcademy/pkg/middleware/middleware.go:17 msg="Received request" method=GET path=/ traceID=b2174704-4041-42ac-be49-d7d4dab94502
time=2025-05-10T15:02:58.604+01:00 level=INFO source=/Users/laurawu/LauraWu/goAcademy/pkg/middleware/middleware.go:17 msg="Received request" method=GET path=/favicon.ico traceID=1ca29ba5-2c4a-4d5c-975a-52e3fbafcbac
time=2025-05-10T15:03:04.037+01:00 level=INFO source=/Users/laurawu/LauraWu/goAcademy/pkg/middleware/middleware.go:17 msg="Received request" method=POST path=/logout traceID=cab45de0-df53-4551-82ab-19a6c3d7de93
time=2025-05-10T15:03:04.038+01:00 level=INFO source=/Users/laurawu/LauraWu/goAcademy/pkg/handlers/handlers.go:297 msg="User logging out" user_id=1 traceID=cab45de0-df53-4551-82ab-19a6c3d7de93
time=2025-05-10T15:03:04.040+01:00 level=INFO source=/Users/laurawu/LauraWu/goAcademy/pkg/middleware/middleware.go:17 msg="Received request" method=GET path=/login traceID=7dafbfdf-0a6f-405a-9c09-23e4309ce7a0
time=2025-05-10T15:03:04.040+01:00 level=WARN source=/Users/laurawu/LauraWu/goAcademy/pkg/middleware/middleware.go:29 msg="No user_id cookie found" error="http: named cookie not present" traceID=7dafbfdf-0a6f-405a-9c09-23e4309ce7a0
time=2025-05-10T15:03:04.047+01:00 level=INFO source=/Users/laurawu/LauraWu/goAcademy/pkg/middleware/middleware.go:17 msg="Received request" method=GET path=/login traceID=6099ba68-261d-404d-a7fe-e5928225788f
time=2025-05-10T15:03:04.047+01:00 level=WARN source=/Users/laurawu/LauraWu/goAcademy/pkg/middleware/middleware.go:29 msg="No user_id cookie found" error="http: named cookie not present" traceID=6099ba68-261d-404d-a7fe-e5928225788f
time=2025-05-10T15:03:04.098+01:00 level=INFO source=/Users/laurawu/LauraWu/goAcademy/pkg/middleware/middleware.go:17 msg="Received request" method=GET path=/favicon.ico traceID=62bd8f4a-5d31-46c1-ad6a-25272ccc86e1
time=2025-05-10T15:03:04.098+01:00 level=WARN source=/Users/laurawu/LauraWu/goAcademy/pkg/middleware/middleware.go:29 msg="No user_id cookie found" error="http: named cookie not present" traceID=62bd8f4a-5d31-46c1-ad6a-25272ccc86e1
time=2025-05-10T15:03:04.098+01:00 level=ERROR source=/Users/laurawu/LauraWu/goAcademy/pkg/middleware/middleware.go:46 msg="Unauthorized access attempt" path=/favicon.ico traceID=62bd8f4a-5d31-46c1-ad6a-25272ccc86e1
time=2025-05-10T15:03:04.100+01:00 level=INFO source=/Users/laurawu/LauraWu/goAcademy/pkg/middleware/middleware.go:17 msg="Received request" method=GET path=/login traceID=471916dd-0fa0-4f0e-a14b-e714852cea99
time=2025-05-10T15:03:04.100+01:00 level=WARN source=/Users/laurawu/LauraWu/goAcademy/pkg/middleware/middleware.go:29 msg="No user_id cookie found" error="http: named cookie not present" traceID=471916dd-0fa0-4f0e-a14b-e714852cea99
time=2025-05-10T15:03:49.384+01:00 level=INFO source=/Users/laurawu/LauraWu/goAcademy/pkg/middleware/middleware.go:17 msg="Received request" method=GET path=/register traceID=8f9b7ec1-f9e2-45cd-baf9-d4a1d42990e7
time=2025-05-10T15:03:49.384+01:00 level=WARN source=/Users/laurawu/LauraWu/goAcademy/pkg/middleware/middleware.go:29 msg="No user_id cookie found" error="http: named cookie not present" traceID=8f9b7ec1-f9e2-45cd-baf9-d4a1d42990e7
time=2025-05-10T15:03:49.422+01:00 level=INFO source=/Users/laurawu/LauraWu/goAcademy/pkg/middleware/middleware.go:17 msg="Received request" method=GET path=/favicon.ico traceID=b8b20ed5-ba97-4db0-ae55-e2fb8e51c32b
time=2025-05-10T15:03:49.422+01:00 level=WARN source=/Users/laurawu/LauraWu/goAcademy/pkg/middleware/middleware.go:29 msg="No user_id cookie found" error="http: named cookie not present" traceID=b8b20ed5-ba97-4db0-ae55-e2fb8e51c32b
time=2025-05-10T15:03:49.422+01:00 level=ERROR source=/Users/laurawu/LauraWu/goAcademy/pkg/middleware/middleware.go:46 msg="Unauthorized access attempt" path=/favicon.ico traceID=b8b20ed5-ba97-4db0-ae55-e2fb8e51c32b
time=2025-05-10T15:03:49.423+01:00 level=INFO source=/Users/laurawu/LauraWu/goAcademy/pkg/middleware/middleware.go:17 msg="Received request" method=GET path=/login traceID=bab6cba3-2fbb-4782-ab68-b595d19f137c
time=2025-05-10T15:03:49.423+01:00 level=WARN source=/Users/laurawu/LauraWu/goAcademy/pkg/middleware/middleware.go:29 msg="No user_id cookie found" error="http: named cookie not present" traceID=bab6cba3-2fbb-4782-ab68-b595d19f137c
time=2025-05-10T15:04:45.226+01:00 level=INFO source=/Users/laurawu/LauraWu/goAcademy/pkg/middleware/middleware.go:17 msg="Received request" method=POST path=/register traceID=702839e4-2c9f-466a-8d11-44f3c0a5d52d
time=2025-05-10T15:04:45.227+01:00 level=WARN source=/Users/laurawu/LauraWu/goAcademy/pkg/middleware/middleware.go:29 msg="No user_id cookie found" error="http: named cookie not present" traceID=702839e4-2c9f-466a-8d11-44f3c0a5d52d
time=2025-05-10T15:04:45.372+01:00 level=ERROR source=/Users/laurawu/LauraWu/goAcademy/pkg/handlers/handlers.go:227 msg="Failed to register user" username=janedoe error="pq: duplicate key value violates unique constraint \"users_username_key\"" traceID=702839e4-2c9f-466a-8d11-44f3c0a5d52d
time=2025-05-10T15:04:52.532+01:00 level=INFO source=/Users/laurawu/LauraWu/goAcademy/pkg/middleware/middleware.go:17 msg="Received request" method=POST path=/register traceID=8a41ec19-cd0c-47be-808b-7f23eb43c49d
time=2025-05-10T15:04:52.533+01:00 level=WARN source=/Users/laurawu/LauraWu/goAcademy/pkg/middleware/middleware.go:29 msg="No user_id cookie found" error="http: named cookie not present" traceID=8a41ec19-cd0c-47be-808b-7f23eb43c49d
time=2025-05-10T15:04:52.685+01:00 level=ERROR source=/Users/laurawu/LauraWu/goAcademy/pkg/handlers/handlers.go:227 msg="Failed to register user" username=janedoe error="pq: duplicate key value violates unique constraint \"users_username_key\"" traceID=8a41ec19-cd0c-47be-808b-7f23eb43c49d
time=2025-05-10T15:05:18.431+01:00 level=INFO source=/Users/laurawu/LauraWu/goAcademy/pkg/middleware/middleware.go:17 msg="Received request" method=POST path=/register traceID=84506958-9d53-4908-aa5a-dedd060f2bcc
time=2025-05-10T15:05:18.431+01:00 level=WARN source=/Users/laurawu/LauraWu/goAcademy/pkg/middleware/middleware.go:29 msg="No user_id cookie found" error="http: named cookie not present" traceID=84506958-9d53-4908-aa5a-dedd060f2bcc
time=2025-05-10T15:05:18.576+01:00 level=INFO source=/Users/laurawu/LauraWu/goAcademy/pkg/handlers/handlers.go:232 msg="User registered successfully" username=testuser traceID=84506958-9d53-4908-aa5a-dedd060f2bcc
time=2025-05-10T15:05:20.756+01:00 level=INFO source=/Users/laurawu/LauraWu/goAcademy/pkg/middleware/middleware.go:17 msg="Received request" method=GET path=/login traceID=cf8695db-1a25-4d03-96a2-20932f2fbae6
time=2025-05-10T15:05:20.757+01:00 level=WARN source=/Users/laurawu/LauraWu/goAcademy/pkg/middleware/middleware.go:29 msg="No user_id cookie found" error="http: named cookie not present" traceID=cf8695db-1a25-4d03-96a2-20932f2fbae6
time=2025-05-10T15:05:20.790+01:00 level=INFO source=/Users/laurawu/LauraWu/goAcademy/pkg/middleware/middleware.go:17 msg="Received request" method=GET path=/favicon.ico traceID=d6e9a731-6627-4467-bed3-b8130165455e
time=2025-05-10T15:05:20.790+01:00 level=WARN source=/Users/laurawu/LauraWu/goAcademy/pkg/middleware/middleware.go:29 msg="No user_id cookie found" error="http: named cookie not present" traceID=d6e9a731-6627-4467-bed3-b8130165455e
time=2025-05-10T15:05:20.790+01:00 level=ERROR source=/Users/laurawu/LauraWu/goAcademy/pkg/middleware/middleware.go:46 msg="Unauthorized access attempt" path=/favicon.ico traceID=d6e9a731-6627-4467-bed3-b8130165455e
time=2025-05-10T15:05:20.791+01:00 level=INFO source=/Users/laurawu/LauraWu/goAcademy/pkg/middleware/middleware.go:17 msg="Received request" method=GET path=/login traceID=d4bfa254-d68d-48f4-8392-2a5340bc0dd4
time=2025-05-10T15:05:20.791+01:00 level=WARN source=/Users/laurawu/LauraWu/goAcademy/pkg/middleware/middleware.go:29 msg="No user_id cookie found" error="http: named cookie not present" traceID=d4bfa254-d68d-48f4-8392-2a5340bc0dd4
time=2025-05-10T15:05:43.955+01:00 level=INFO source=/Users/laurawu/LauraWu/goAcademy/pkg/middleware/middleware.go:17 msg="Received request" method=POST path=/login traceID=a1946b36-233b-4cac-b43f-c4808050b30a
time=2025-05-10T15:05:43.956+01:00 level=WARN source=/Users/laurawu/LauraWu/goAcademy/pkg/middleware/middleware.go:29 msg="No user_id cookie found" error="http: named cookie not present" traceID=a1946b36-233b-4cac-b43f-c4808050b30a
time=2025-05-10T15:05:44.085+01:00 level=INFO source=/Users/laurawu/LauraWu/goAcademy/pkg/handlers/handlers.go:283 msg="User logged in successfully" user_id=1 username=janedoe traceID=a1946b36-233b-4cac-b43f-c4808050b30a
time=2025-05-10T15:05:44.089+01:00 level=INFO source=/Users/laurawu/LauraWu/goAcademy/pkg/middleware/middleware.go:17 msg="Received request" method=GET path=/ traceID=15df44fe-8f70-40e7-929f-fd887cc5e99a
time=2025-05-10T15:05:44.222+01:00 level=INFO source=/Users/laurawu/LauraWu/goAcademy/pkg/middleware/middleware.go:17 msg="Received request" method=GET path=/favicon.ico traceID=7cd60d01-093e-4094-88ad-001cdf102e61
time=2025-05-10T15:06:40.412+01:00 level=INFO source=/Users/laurawu/LauraWu/goAcademy/pkg/middleware/middleware.go:17 msg="Received request" method=POST path=/delete traceID=7fad0393-6d90-4f80-9028-71aefabf74e1
time=2025-05-10T15:06:40.469+01:00 level=INFO source=/Users/laurawu/LauraWu/goAcademy/pkg/todo/logic.go:94 msg="Deleted todo" id=3 traceID=7fad0393-6d90-4f80-9028-71aefabf74e1
time=2025-05-10T15:06:40.476+01:00 level=INFO source=/Users/laurawu/LauraWu/goAcademy/pkg/middleware/middleware.go:17 msg="Received request" method=GET path=/ traceID=ebe6b904-acb6-4217-82a3-a805f98c1351
time=2025-05-10T15:06:40.622+01:00 level=INFO source=/Users/laurawu/LauraWu/goAcademy/pkg/middleware/middleware.go:17 msg="Received request" method=GET path=/favicon.ico traceID=f8d77136-8d66-4b1f-909e-c03b8478ad04
time=2025-05-10T15:12:09.672+01:00 level=INFO source=/Users/laurawu/LauraWu/goAcademy/pkg/middleware/middleware.go:17 msg="Received request" method=POST path=/logout traceID=c349785c-91dc-4520-aa7d-0f1fad3fdc48
time=2025-05-10T15:12:09.674+01:00 level=INFO source=/Users/laurawu/LauraWu/goAcademy/pkg/handlers/handlers.go:297 msg="User logging out" user_id=1 traceID=c349785c-91dc-4520-aa7d-0f1fad3fdc48
time=2025-05-10T15:12:09.676+01:00 level=INFO source=/Users/laurawu/LauraWu/goAcademy/pkg/middleware/middleware.go:17 msg="Received request" method=GET path=/login traceID=07fb53ab-610f-45ea-8a5f-4ace7ff9f9e7
time=2025-05-10T15:12:09.676+01:00 level=WARN source=/Users/laurawu/LauraWu/goAcademy/pkg/middleware/middleware.go:29 msg="No user_id cookie found" error="http: named cookie not present" traceID=07fb53ab-610f-45ea-8a5f-4ace7ff9f9e7
time=2025-05-10T15:12:09.687+01:00 level=INFO source=/Users/laurawu/LauraWu/goAcademy/pkg/middleware/middleware.go:17 msg="Received request" method=GET path=/login traceID=496b40dd-321d-4156-94bf-10ff39796583
time=2025-05-10T15:12:09.687+01:00 level=WARN source=/Users/laurawu/LauraWu/goAcademy/pkg/middleware/middleware.go:29 msg="No user_id cookie found" error="http: named cookie not present" traceID=496b40dd-321d-4156-94bf-10ff39796583
time=2025-05-10T15:12:09.721+01:00 level=INFO source=/Users/laurawu/LauraWu/goAcademy/pkg/middleware/middleware.go:17 msg="Received request" method=GET path=/favicon.ico traceID=e92c9d1d-13cc-4825-848f-4a869188c9f6
time=2025-05-10T15:12:09.721+01:00 level=WARN source=/Users/laurawu/LauraWu/goAcademy/pkg/middleware/middleware.go:29 msg="No user_id cookie found" error="http: named cookie not present" traceID=e92c9d1d-13cc-4825-848f-4a869188c9f6
time=2025-05-10T15:12:09.721+01:00 level=ERROR source=/Users/laurawu/LauraWu/goAcademy/pkg/middleware/middleware.go:46 msg="Unauthorized access attempt" path=/favicon.ico traceID=e92c9d1d-13cc-4825-848f-4a869188c9f6
time=2025-05-10T15:12:09.723+01:00 level=INFO source=/Users/laurawu/LauraWu/goAcademy/pkg/middleware/middleware.go:17 msg="Received request" method=GET path=/login traceID=331de722-280b-4183-a5fb-69bd7864be84
time=2025-05-10T15:12:09.723+01:00 level=WARN source=/Users/laurawu/LauraWu/goAcademy/pkg/middleware/middleware.go:29 msg="No user_id cookie found" error="http: named cookie not present" traceID=331de722-280b-4183-a5fb-69bd7864be84
time=2025-05-10T15:13:07.689+01:00 level=INFO source=/Users/laurawu/LauraWu/goAcademy/pkg/middleware/middleware.go:17 msg="Received request" method=GET path=/register traceID=08b9f6e5-9b3f-44e6-92b5-0e04c4e9c52e
time=2025-05-10T15:13:07.690+01:00 level=WARN source=/Users/laurawu/LauraWu/goAcademy/pkg/middleware/middleware.go:29 msg="No user_id cookie found" error="http: named cookie not present" traceID=08b9f6e5-9b3f-44e6-92b5-0e04c4e9c52e
time=2025-05-10T15:13:07.727+01:00 level=INFO source=/Users/laurawu/LauraWu/goAcademy/pkg/middleware/middleware.go:17 msg="Received request" method=GET path=/favicon.ico traceID=de54e4f2-841f-4e5a-83d2-eb53c58190d6
time=2025-05-10T15:13:07.727+01:00 level=WARN source=/Users/laurawu/LauraWu/goAcademy/pkg/middleware/middleware.go:29 msg="No user_id cookie found" error="http: named cookie not present" traceID=de54e4f2-841f-4e5a-83d2-eb53c58190d6
time=2025-05-10T15:13:07.727+01:00 level=ERROR source=/Users/laurawu/LauraWu/goAcademy/pkg/middleware/middleware.go:46 msg="Unauthorized access attempt" path=/favicon.ico traceID=de54e4f2-841f-4e5a-83d2-eb53c58190d6
time=2025-05-10T15:13:07.728+01:00 level=INFO source=/Users/laurawu/LauraWu/goAcademy/pkg/middleware/middleware.go:17 msg="Received request" method=GET path=/login traceID=73e39d29-3ea0-4314-a30f-1921ca581877
time=2025-05-10T15:13:07.729+01:00 level=WARN source=/Users/laurawu/LauraWu/goAcademy/pkg/middleware/middleware.go:29 msg="No user_id cookie found" error="http: named cookie not present" traceID=73e39d29-3ea0-4314-a30f-1921ca581877
time=2025-05-10T15:13:13.195+01:00 level=INFO source=/Users/laurawu/LauraWu/goAcademy/pkg/middleware/middleware.go:17 msg="Received request" method=GET path=/login traceID=2ca418f8-6c5f-42f8-9c12-91e47ae73e96
time=2025-05-10T15:13:13.195+01:00 level=WARN source=/Users/laurawu/LauraWu/goAcademy/pkg/middleware/middleware.go:29 msg="No user_id cookie found" error="http: named cookie not present" traceID=2ca418f8-6c5f-42f8-9c12-91e47ae73e96
time=2025-05-10T15:13:13.228+01:00 level=INFO source=/Users/laurawu/LauraWu/goAcademy/pkg/middleware/middleware.go:17 msg="Received request" method=GET path=/favicon.ico traceID=03816a04-a38b-433c-9c69-da95f3c6d81d
time=2025-05-10T15:13:13.228+01:00 level=WARN source=/Users/laurawu/LauraWu/goAcademy/pkg/middleware/middleware.go:29 msg="No user_id cookie found" error="http: named cookie not present" traceID=03816a04-a38b-433c-9c69-da95f3c6d81d
time=2025-05-10T15:13:13.228+01:00 level=ERROR source=/Users/laurawu/LauraWu/goAcademy/pkg/middleware/middleware.go:46 msg="Unauthorized access attempt" path=/favicon.ico traceID=03816a04-a38b-433c-9c69-da95f3c6d81d
time=2025-05-10T15:13:13.230+01:00 level=INFO source=/Users/laurawu/LauraWu/goAcademy/pkg/middleware/middleware.go:17 msg="Received request" method=GET path=/login traceID=a75e0566-77ea-4833-8dcb-ccda2b8d58fc
time=2025-05-10T15:13:13.230+01:00 level=WARN source=/Users/laurawu/LauraWu/goAcademy/pkg/middleware/middleware.go:29 msg="No user_id cookie found" error="http: named cookie not present" traceID=a75e0566-77ea-4833-8dcb-ccda2b8d58fc
time=2025-05-10T15:13:30.815+01:00 level=INFO source=/Users/laurawu/LauraWu/goAcademy/pkg/middleware/middleware.go:17 msg="Received request" method=POST path=/login traceID=ed833768-6575-4430-8873-dd1f02dfa694
time=2025-05-10T15:13:30.817+01:00 level=WARN source=/Users/laurawu/LauraWu/goAcademy/pkg/middleware/middleware.go:29 msg="No user_id cookie found" error="http: named cookie not present" traceID=ed833768-6575-4430-8873-dd1f02dfa694
time=2025-05-10T15:13:30.945+01:00 level=INFO source=/Users/laurawu/LauraWu/goAcademy/pkg/handlers/handlers.go:283 msg="User logged in successfully" user_id=1 username=janedoe traceID=ed833768-6575-4430-8873-dd1f02dfa694
time=2025-05-10T15:13:30.949+01:00 level=INFO source=/Users/laurawu/LauraWu/goAcademy/pkg/middleware/middleware.go:17 msg="Received request" method=GET path=/ traceID=f1de6c9b-3d3e-42c5-87cd-17be0ec36e87
time=2025-05-10T15:13:31.081+01:00 level=INFO source=/Users/laurawu/LauraWu/goAcademy/pkg/middleware/middleware.go:17 msg="Received request" method=GET path=/favicon.ico traceID=b919818b-41fc-4c43-9bff-6386cd719cda
time=2025-05-10T15:13:55.556+01:00 level=INFO source=/Users/laurawu/LauraWu/goAcademy/pkg/middleware/middleware.go:17 msg="Received request" method=POST path=/create traceID=da2e1da8-f7ff-477b-8b2d-f9ceb29a207f
time=2025-05-10T15:13:55.618+01:00 level=INFO source=/Users/laurawu/LauraWu/goAcademy/pkg/todo/logic.go:56 msg="Created new todo" id=5 task="let cat out to play" status="not started" traceID=da2e1da8-f7ff-477b-8b2d-f9ceb29a207f
time=2025-05-10T15:13:55.629+01:00 level=INFO source=/Users/laurawu/LauraWu/goAcademy/pkg/middleware/middleware.go:17 msg="Received request" method=GET path=/ traceID=7a6eb85a-8a21-4931-98ef-eb67c4a19bc1
time=2025-05-10T15:13:55.771+01:00 level=INFO source=/Users/laurawu/LauraWu/goAcademy/pkg/middleware/middleware.go:17 msg="Received request" method=GET path=/favicon.ico traceID=7cb428bc-1034-424b-92a5-4290e96d30c0
time=2025-05-10T15:14:22.169+01:00 level=INFO source=/Users/laurawu/LauraWu/goAcademy/pkg/middleware/middleware.go:17 msg="Received request" method=PUT path=/update traceID=b4504f6f-5722-4abe-8df5-37962532fb29
time=2025-05-10T15:14:22.225+01:00 level=INFO source=/Users/laurawu/LauraWu/goAcademy/pkg/todo/logic.go:76 msg="Updated todo" id=5 task="let cat out to play" status=completed traceID=b4504f6f-5722-4abe-8df5-37962532fb29
time=2025-05-10T15:14:35.255+01:00 level=INFO source=/Users/laurawu/LauraWu/goAcademy/pkg/middleware/middleware.go:17 msg="Received request" method=POST path=/logout traceID=ece00674-11ad-4574-ad90-31ba247ec9ab
time=2025-05-10T15:14:35.257+01:00 level=INFO source=/Users/laurawu/LauraWu/goAcademy/pkg/handlers/handlers.go:297 msg="User logging out" user_id=1 traceID=ece00674-11ad-4574-ad90-31ba247ec9ab
time=2025-05-10T15:14:35.258+01:00 level=INFO source=/Users/laurawu/LauraWu/goAcademy/pkg/middleware/middleware.go:17 msg="Received request" method=GET path=/login traceID=6fa65a46-b42d-45f9-a718-b52ee0b8f7ce
time=2025-05-10T15:14:35.258+01:00 level=WARN source=/Users/laurawu/LauraWu/goAcademy/pkg/middleware/middleware.go:29 msg="No user_id cookie found" error="http: named cookie not present" traceID=6fa65a46-b42d-45f9-a718-b52ee0b8f7ce
time=2025-05-10T15:14:35.267+01:00 level=INFO source=/Users/laurawu/LauraWu/goAcademy/pkg/middleware/middleware.go:17 msg="Received request" method=GET path=/login traceID=f5fcf853-3a4d-4661-8857-fbe7a7504962
time=2025-05-10T15:14:35.267+01:00 level=WARN source=/Users/laurawu/LauraWu/goAcademy/pkg/middleware/middleware.go:29 msg="No user_id cookie found" error="http: named cookie not present" traceID=f5fcf853-3a4d-4661-8857-fbe7a7504962
time=2025-05-10T15:14:35.302+01:00 level=INFO source=/Users/laurawu/LauraWu/goAcademy/pkg/middleware/middleware.go:17 msg="Received request" method=GET path=/favicon.ico traceID=ff39036d-1bcc-4df2-9ac9-ce9452022b83
time=2025-05-10T15:14:35.302+01:00 level=WARN source=/Users/laurawu/LauraWu/goAcademy/pkg/middleware/middleware.go:29 msg="No user_id cookie found" error="http: named cookie not present" traceID=ff39036d-1bcc-4df2-9ac9-ce9452022b83
time=2025-05-10T15:14:35.302+01:00 level=ERROR source=/Users/laurawu/LauraWu/goAcademy/pkg/middleware/middleware.go:46 msg="Unauthorized access attempt" path=/favicon.ico traceID=ff39036d-1bcc-4df2-9ac9-ce9452022b83
time=2025-05-10T15:14:35.303+01:00 level=INFO source=/Users/laurawu/LauraWu/goAcademy/pkg/middleware/middleware.go:17 msg="Received request" method=GET path=/login traceID=36da3925-15ad-40d1-89ee-7705807776d1
time=2025-05-10T15:14:35.303+01:00 level=WARN source=/Users/laurawu/LauraWu/goAcademy/pkg/middleware/middleware.go:29 msg="No user_id cookie found" error="http: named cookie not present" traceID=36da3925-15ad-40d1-89ee-7705807776d1
